<?xml version="1.0" encoding="utf-8"?><testsuites name="pytest tests"><testsuite name="pytest" errors="0" failures="0" skipped="0" tests="25" time="12.339" timestamp="2026-03-16T20:16:41.935082+00:00" hostname="agent-env-beb5ad79-5a00-44c1-b2b8-e50b045b4e98"><testcase classname="test_routines.TestNoAuthEndpoints" name="test_templates_endpoint_returns_3_templates" time="0.593" /><testcase classname="test_routines.TestNoAuthEndpoints" name="test_activity_categories_returns_10_categories" time="0.401" /><testcase classname="test_routines.TestAuthRequiredEndpoints" name="test_get_routines_requires_auth" time="0.421" /><testcase classname="test_routines.TestAuthRequiredEndpoints" name="test_create_routine_requires_auth" time="0.408" /><testcase classname="test_routines.TestAuthRequiredEndpoints" name="test_today_status_requires_auth" time="0.526" /><testcase classname="test_routines.TestAuthRequiredEndpoints" name="test_analytics_requires_auth" time="0.441" /><testcase classname="test_routines.TestAuthRequiredEndpoints" name="test_streak_requires_auth" time="0.441" /><testcase classname="test_routines.TestRoutineCRUD" name="test_auth_me_works" time="0.424" /><testcase classname="test_routines.TestRoutineCRUD" name="test_create_routine_with_activities" time="0.463" /><testcase classname="test_routines.TestRoutineCRUD" name="test_get_routines_list" time="0.416" /><testcase classname="test_routines.TestRoutineCRUD" name="test_get_specific_routine" time="0.409" /><testcase classname="test_routines.TestRoutineCRUD" name="test_update_routine_with_activities" time="0.784" /><testcase classname="test_routines.TestRoutineCRUD" name="test_get_routine_404_for_invalid_id" time="0.467" /><testcase classname="test_routines.TestTemplateApply" name="test_apply_productivity_template" time="0.405" /><testcase classname="test_routines.TestTemplateApply" name="test_apply_invalid_template_returns_404" time="0.407" /><testcase classname="test_routines.TestTodayStatus" name="test_today_status_structure" time="0.426" /><testcase classname="test_routines.TestActivityTracking" name="test_start_activity" time="0.463" /><testcase classname="test_routines.TestActivityTracking" name="test_complete_activity" time="0.413" /><testcase classname="test_routines.TestActivityTracking" name="test_skip_activity" time="0.840" /><testcase classname="test_routines.TestAnalyticsAndStreak" name="test_analytics_returns_correct_structure" time="0.429" /><testcase classname="test_routines.TestAnalyticsAndStreak" name="test_streak_returns_correct_structure" time="0.533" /><testcase classname="test_routines.TestRoutineDeletion" name="test_delete_created_routine" time="0.778" /><testcase classname="test_routines.TestRoutineDeletion" name="test_delete_template_routine" time="0.425" /><testcase classname="test_routines.TestRoutineDeletion" name="test_delete_skip_routine" time="0.435" /><testcase classname="test_routines.TestRoutineDeletion" name="test_delete_invalid_routine_returns_404" time="0.433" /></testsuite></testsuites>